The system is: Darwin - 18.5.0 - x86_64
Compiling the C compiler identification source file "CMakeCCompilerId.c" succeeded.
Compiler: /usr/local/Cellar/gcc/8.3.0/bin/gcc-8 
Build flags: 
Id flags:  

The output was:
0


Compilation of the C compiler identification source "CMakeCCompilerId.c" produced "a.out"

The C compiler identification is GNU, found in "/Volumes/Data/work/CC/c3/w6/seo/cmake-build-debug/CMakeFiles/3.12.3/CompilerIdC/a.out"

Compiling the CXX compiler identification source file "CMakeCXXCompilerId.cpp" succeeded.
Compiler: /usr/local/Cellar/gcc/8.3.0/bin/g++-8 
Build flags: 
Id flags:  

The output was:
0


Compilation of the CXX compiler identification source "CMakeCXXCompilerId.cpp" produced "a.out"

The CXX compiler identification is GNU, found in "/Volumes/Data/work/CC/c3/w6/seo/cmake-build-debug/CMakeFiles/3.12.3/CompilerIdCXX/a.out"

Determining if the C compiler works passed with the following output:
Change Dir: /Volumes/Data/work/CC/c3/w6/seo/cmake-build-debug/CMakeFiles/CMakeTmp

Run Build Command:"/usr/bin/make" "cmTC_f67bd/fast"
/Library/Developer/CommandLineTools/usr/bin/make -f CMakeFiles/cmTC_f67bd.dir/build.make CMakeFiles/cmTC_f67bd.dir/build
Building C object CMakeFiles/cmTC_f67bd.dir/testCCompiler.c.o
/usr/local/Cellar/gcc/8.3.0/bin/gcc-8   -isysroot /Library/Developer/CommandLineTools/SDKs/MacOSX10.14.sdk   -o CMakeFiles/cmTC_f67bd.dir/testCCompiler.c.o   -c /Volumes/Data/work/CC/c3/w6/seo/cmake-build-debug/CMakeFiles/CMakeTmp/testCCompiler.c
Linking C executable cmTC_f67bd
/Applications/CLion.app/Contents/bin/cmake/mac/bin/cmake -E cmake_link_script CMakeFiles/cmTC_f67bd.dir/link.txt --verbose=1
/usr/local/Cellar/gcc/8.3.0/bin/gcc-8   -isysroot /Library/Developer/CommandLineTools/SDKs/MacOSX10.14.sdk -Wl,-search_paths_first -Wl,-headerpad_max_install_names -L/usr/local/opt/llvm/lib -Wl,-rpath,/usr/local/opt/llvm/lib -L/usr/local/opt/openssl/lib  CMakeFiles/cmTC_f67bd.dir/testCCompiler.c.o  -o cmTC_f67bd 


Detecting C compiler ABI info compiled with the following output:
Change Dir: /Volumes/Data/work/CC/c3/w6/seo/cmake-build-debug/CMakeFiles/CMakeTmp

Run Build Command:"/usr/bin/make" "cmTC_e88b6/fast"
/Library/Developer/CommandLineTools/usr/bin/make -f CMakeFiles/cmTC_e88b6.dir/build.make CMakeFiles/cmTC_e88b6.dir/build
Building C object CMakeFiles/cmTC_e88b6.dir/CMakeCCompilerABI.c.o
/usr/local/Cellar/gcc/8.3.0/bin/gcc-8   -isysroot /Library/Developer/CommandLineTools/SDKs/MacOSX10.14.sdk   -o CMakeFiles/cmTC_e88b6.dir/CMakeCCompilerABI.c.o   -c /Applications/CLion.app/Contents/bin/cmake/mac/share/cmake-3.12/Modules/CMakeCCompilerABI.c
Linking C executable cmTC_e88b6
/Applications/CLion.app/Contents/bin/cmake/mac/bin/cmake -E cmake_link_script CMakeFiles/cmTC_e88b6.dir/link.txt --verbose=1
/usr/local/Cellar/gcc/8.3.0/bin/gcc-8   -isysroot /Library/Developer/CommandLineTools/SDKs/MacOSX10.14.sdk -Wl,-search_paths_first -Wl,-headerpad_max_install_names -L/usr/local/opt/llvm/lib -Wl,-rpath,/usr/local/opt/llvm/lib -L/usr/local/opt/openssl/lib -v -Wl,-v CMakeFiles/cmTC_e88b6.dir/CMakeCCompilerABI.c.o  -o cmTC_e88b6 
Using built-in specs.
COLLECT_GCC=/usr/local/Cellar/gcc/8.3.0/bin/gcc-8
COLLECT_LTO_WRAPPER=/usr/local/Cellar/gcc/8.3.0/libexec/gcc/x86_64-apple-darwin18.2.0/8.3.0/lto-wrapper
Target: x86_64-apple-darwin18.2.0
Configured with: ../configure --build=x86_64-apple-darwin18.2.0 --prefix=/usr/local/Cellar/gcc/8.3.0 --libdir=/usr/local/Cellar/gcc/8.3.0/lib/gcc/8 --disable-nls --enable-checking=release --enable-languages=c,c++,objc,obj-c++,fortran --program-suffix=-8 --with-gmp=/usr/local/opt/gmp --with-mpfr=/usr/local/opt/mpfr --with-mpc=/usr/local/opt/libmpc --with-isl=/usr/local/opt/isl --with-system-zlib --with-pkgversion='Homebrew GCC 8.3.0' --with-bugurl=https://github.com/Homebrew/homebrew-core/issues --disable-multilib --with-native-system-header-dir=/usr/include --with-sysroot=/Library/Developer/CommandLineTools/SDKs/MacOSX.sdk
Thread model: posix
gcc version 8.3.0 (Homebrew GCC 8.3.0) 
COMPILER_PATH=/usr/local/Cellar/gcc/8.3.0/libexec/gcc/x86_64-apple-darwin18.2.0/8.3.0/:/usr/local/Cellar/gcc/8.3.0/libexec/gcc/x86_64-apple-darwin18.2.0/8.3.0/:/usr/local/Cellar/gcc/8.3.0/libexec/gcc/x86_64-apple-darwin18.2.0/:/usr/local/Cellar/gcc/8.3.0/lib/gcc/8/gcc/x86_64-apple-darwin18.2.0/8.3.0/:/usr/local/Cellar/gcc/8.3.0/lib/gcc/8/gcc/x86_64-apple-darwin18.2.0/
LIBRARY_PATH=/usr/local/Cellar/gcc/8.3.0/lib/gcc/8/gcc/x86_64-apple-darwin18.2.0/8.3.0/:/usr/local/Cellar/gcc/8.3.0/lib/gcc/8/gcc/x86_64-apple-darwin18.2.0/8.3.0/../../../
COLLECT_GCC_OPTIONS='-isysroot' '/Library/Developer/CommandLineTools/SDKs/MacOSX10.14.sdk' '-L/usr/local/opt/llvm/lib' '-L/usr/local/opt/openssl/lib' '-v' '-o' 'cmTC_e88b6' '-mmacosx-version-min=10.14.0' '-asm_macosx_version_min=10.14' '-mtune=core2'
 /usr/local/Cellar/gcc/8.3.0/libexec/gcc/x86_64-apple-darwin18.2.0/8.3.0/collect2 -dynamic -arch x86_64 -macosx_version_min 10.14.0 -syslibroot /Library/Developer/CommandLineTools/SDKs/MacOSX10.14.sdk -weak_reference_mismatches non-weak -o cmTC_e88b6 -L/usr/local/opt/llvm/lib -L/usr/local/opt/openssl/lib -L/usr/local/Cellar/gcc/8.3.0/lib/gcc/8/gcc/x86_64-apple-darwin18.2.0/8.3.0 -L/usr/local/Cellar/gcc/8.3.0/lib/gcc/8/gcc/x86_64-apple-darwin18.2.0/8.3.0/../../.. -search_paths_first -headerpad_max_install_names -rpath /usr/local/opt/llvm/lib -v CMakeFiles/cmTC_e88b6.dir/CMakeCCompilerABI.c.o -no_compact_unwind -lSystem -lgcc_ext.10.5 -lgcc -lSystem -v
collect2 version 8.3.0
/usr/bin/ld -dynamic -arch x86_64 -macosx_version_min 10.14.0 -syslibroot /Library/Developer/CommandLineTools/SDKs/MacOSX10.14.sdk -weak_reference_mismatches non-weak -o cmTC_e88b6 -L/usr/local/opt/llvm/lib -L/usr/local/opt/openssl/lib -L/usr/local/Cellar/gcc/8.3.0/lib/gcc/8/gcc/x86_64-apple-darwin18.2.0/8.3.0 -L/usr/local/Cellar/gcc/8.3.0/lib/gcc/8/gcc/x86_64-apple-darwin18.2.0/8.3.0/../../.. -search_paths_first -headerpad_max_install_names -rpath /usr/local/opt/llvm/lib -v CMakeFiles/cmTC_e88b6.dir/CMakeCCompilerABI.c.o -no_compact_unwind -lSystem -lgcc_ext.10.5 -lgcc -lSystem -v
@(#)PROGRAM:ld  PROJECT:ld64-450.3
BUILD 18:45:16 Apr  4 2019
configured to support archs: armv6 armv7 armv7s arm64 arm64e arm64_32 i386 x86_64 x86_64h armv6m armv7k armv7m armv7em
@(#)PROGRAM:ld  PROJECT:ld64-450.3
BUILD 18:45:16 Apr  4 2019
configured to support archs: armv6 armv7 armv7s arm64 arm64e arm64_32 i386 x86_64 x86_64h armv6m armv7k armv7m armv7em
Library search paths:
	/usr/local/opt/llvm/lib
	/usr/local/opt/openssl/lib
	/usr/local/Cellar/gcc/8.3.0/lib/gcc/8/gcc/x86_64-apple-darwin18.2.0/8.3.0
	/usr/local/Cellar/gcc/8.3.0/lib/gcc/8
	/Library/Developer/CommandLineTools/SDKs/MacOSX10.14.sdk/usr/lib
Framework search paths:
	/Library/Developer/CommandLineTools/SDKs/MacOSX10.14.sdk/System/Library/Frameworks/
 /usr/bin/nm -n CMakeFiles/cmTC_e88b6.dir/CMakeCCompilerABI.c.o


Parsed C implicit link information from above output:
  link line regex: [^( *|.*[/\])(ld|CMAKE_LINK_STARTFILE-NOTFOUND|([^/\]+-)?ld|collect2)[^/\]*( |$)]
  ignore line: [Change Dir: /Volumes/Data/work/CC/c3/w6/seo/cmake-build-debug/CMakeFiles/CMakeTmp]
  ignore line: []
  ignore line: [Run Build Command:"/usr/bin/make" "cmTC_e88b6/fast"]
  ignore line: [/Library/Developer/CommandLineTools/usr/bin/make -f CMakeFiles/cmTC_e88b6.dir/build.make CMakeFiles/cmTC_e88b6.dir/build]
  ignore line: [Building C object CMakeFiles/cmTC_e88b6.dir/CMakeCCompilerABI.c.o]
  ignore line: [/usr/local/Cellar/gcc/8.3.0/bin/gcc-8   -isysroot /Library/Developer/CommandLineTools/SDKs/MacOSX10.14.sdk   -o CMakeFiles/cmTC_e88b6.dir/CMakeCCompilerABI.c.o   -c /Applications/CLion.app/Contents/bin/cmake/mac/share/cmake-3.12/Modules/CMakeCCompilerABI.c]
  ignore line: [Linking C executable cmTC_e88b6]
  ignore line: [/Applications/CLion.app/Contents/bin/cmake/mac/bin/cmake -E cmake_link_script CMakeFiles/cmTC_e88b6.dir/link.txt --verbose=1]
  ignore line: [/usr/local/Cellar/gcc/8.3.0/bin/gcc-8   -isysroot /Library/Developer/CommandLineTools/SDKs/MacOSX10.14.sdk -Wl,-search_paths_first -Wl,-headerpad_max_install_names -L/usr/local/opt/llvm/lib -Wl,-rpath,/usr/local/opt/llvm/lib -L/usr/local/opt/openssl/lib -v -Wl,-v CMakeFiles/cmTC_e88b6.dir/CMakeCCompilerABI.c.o  -o cmTC_e88b6 ]
  ignore line: [Using built-in specs.]
  ignore line: [COLLECT_GCC=/usr/local/Cellar/gcc/8.3.0/bin/gcc-8]
  ignore line: [COLLECT_LTO_WRAPPER=/usr/local/Cellar/gcc/8.3.0/libexec/gcc/x86_64-apple-darwin18.2.0/8.3.0/lto-wrapper]
  ignore line: [Target: x86_64-apple-darwin18.2.0]
  ignore line: [Configured with: ../configure --build=x86_64-apple-darwin18.2.0 --prefix=/usr/local/Cellar/gcc/8.3.0 --libdir=/usr/local/Cellar/gcc/8.3.0/lib/gcc/8 --disable-nls --enable-checking=release --enable-languages=c,c++,objc,obj-c++,fortran --program-suffix=-8 --with-gmp=/usr/local/opt/gmp --with-mpfr=/usr/local/opt/mpfr --with-mpc=/usr/local/opt/libmpc --with-isl=/usr/local/opt/isl --with-system-zlib --with-pkgversion='Homebrew GCC 8.3.0' --with-bugurl=https://github.com/Homebrew/homebrew-core/issues --disable-multilib --with-native-system-header-dir=/usr/include --with-sysroot=/Library/Developer/CommandLineTools/SDKs/MacOSX.sdk]
  ignore line: [Thread model: posix]
  ignore line: [gcc version 8.3.0 (Homebrew GCC 8.3.0) ]
  ignore line: [COMPILER_PATH=/usr/local/Cellar/gcc/8.3.0/libexec/gcc/x86_64-apple-darwin18.2.0/8.3.0/:/usr/local/Cellar/gcc/8.3.0/libexec/gcc/x86_64-apple-darwin18.2.0/8.3.0/:/usr/local/Cellar/gcc/8.3.0/libexec/gcc/x86_64-apple-darwin18.2.0/:/usr/local/Cellar/gcc/8.3.0/lib/gcc/8/gcc/x86_64-apple-darwin18.2.0/8.3.0/:/usr/local/Cellar/gcc/8.3.0/lib/gcc/8/gcc/x86_64-apple-darwin18.2.0/]
  ignore line: [LIBRARY_PATH=/usr/local/Cellar/gcc/8.3.0/lib/gcc/8/gcc/x86_64-apple-darwin18.2.0/8.3.0/:/usr/local/Cellar/gcc/8.3.0/lib/gcc/8/gcc/x86_64-apple-darwin18.2.0/8.3.0/../../../]
  ignore line: [COLLECT_GCC_OPTIONS='-isysroot' '/Library/Developer/CommandLineTools/SDKs/MacOSX10.14.sdk' '-L/usr/local/opt/llvm/lib' '-L/usr/local/opt/openssl/lib' '-v' '-o' 'cmTC_e88b6' '-mmacosx-version-min=10.14.0' '-asm_macosx_version_min=10.14' '-mtune=core2']
  link line: [ /usr/local/Cellar/gcc/8.3.0/libexec/gcc/x86_64-apple-darwin18.2.0/8.3.0/collect2 -dynamic -arch x86_64 -macosx_version_min 10.14.0 -syslibroot /Library/Developer/CommandLineTools/SDKs/MacOSX10.14.sdk -weak_reference_mismatches non-weak -o cmTC_e88b6 -L/usr/local/opt/llvm/lib -L/usr/local/opt/openssl/lib -L/usr/local/Cellar/gcc/8.3.0/lib/gcc/8/gcc/x86_64-apple-darwin18.2.0/8.3.0 -L/usr/local/Cellar/gcc/8.3.0/lib/gcc/8/gcc/x86_64-apple-darwin18.2.0/8.3.0/../../.. -search_paths_first -headerpad_max_install_names -rpath /usr/local/opt/llvm/lib -v CMakeFiles/cmTC_e88b6.dir/CMakeCCompilerABI.c.o -no_compact_unwind -lSystem -lgcc_ext.10.5 -lgcc -lSystem -v]
    arg [/usr/local/Cellar/gcc/8.3.0/libexec/gcc/x86_64-apple-darwin18.2.0/8.3.0/collect2] ==> ignore
    arg [-dynamic] ==> ignore
    arg [-arch] ==> ignore
    arg [x86_64] ==> ignore
    arg [-macosx_version_min] ==> ignore
    arg [10.14.0] ==> ignore
    arg [-syslibroot] ==> ignore
    arg [/Library/Developer/CommandLineTools/SDKs/MacOSX10.14.sdk] ==> ignore
    arg [-weak_reference_mismatches] ==> ignore
    arg [non-weak] ==> ignore
    arg [-o] ==> ignore
    arg [cmTC_e88b6] ==> ignore
    arg [-L/usr/local/opt/llvm/lib] ==> dir [/usr/local/opt/llvm/lib]
    arg [-L/usr/local/opt/openssl/lib] ==> dir [/usr/local/opt/openssl/lib]
    arg [-L/usr/local/Cellar/gcc/8.3.0/lib/gcc/8/gcc/x86_64-apple-darwin18.2.0/8.3.0] ==> dir [/usr/local/Cellar/gcc/8.3.0/lib/gcc/8/gcc/x86_64-apple-darwin18.2.0/8.3.0]
    arg [-L/usr/local/Cellar/gcc/8.3.0/lib/gcc/8/gcc/x86_64-apple-darwin18.2.0/8.3.0/../../..] ==> dir [/usr/local/Cellar/gcc/8.3.0/lib/gcc/8/gcc/x86_64-apple-darwin18.2.0/8.3.0/../../..]
    arg [-search_paths_first] ==> ignore
    arg [-headerpad_max_install_names] ==> ignore
    arg [-rpath] ==> ignore
    arg [/usr/local/opt/llvm/lib] ==> ignore
    arg [-v] ==> ignore
    arg [CMakeFiles/cmTC_e88b6.dir/CMakeCCompilerABI.c.o] ==> ignore
    arg [-no_compact_unwind] ==> ignore
    arg [-lSystem] ==> lib [System]
    arg [-lgcc_ext.10.5] ==> lib [gcc_ext.10.5]
    arg [-lgcc] ==> lib [gcc]
    arg [-lSystem] ==> lib [System]
    arg [-v] ==> ignore
  Library search paths: [;/usr/local/opt/llvm/lib;/usr/local/opt/openssl/lib;/usr/local/Cellar/gcc/8.3.0/lib/gcc/8/gcc/x86_64-apple-darwin18.2.0/8.3.0;/usr/local/Cellar/gcc/8.3.0/lib/gcc/8;/Library/Developer/CommandLineTools/SDKs/MacOSX10.14.sdk/usr/lib]
  Framework search paths: [;/Library/Developer/CommandLineTools/SDKs/MacOSX10.14.sdk/System/Library/Frameworks/]
  remove lib [System]
  remove lib [System]
  collapse library dir [/usr/local/opt/llvm/lib] ==> [/usr/local/opt/llvm/lib]
  collapse library dir [/usr/local/opt/openssl/lib] ==> [/usr/local/opt/openssl/lib]
  collapse library dir [/usr/local/Cellar/gcc/8.3.0/lib/gcc/8/gcc/x86_64-apple-darwin18.2.0/8.3.0] ==> [/usr/local/Cellar/gcc/8.3.0/lib/gcc/8/gcc/x86_64-apple-darwin18.2.0/8.3.0]
  collapse library dir [/usr/local/Cellar/gcc/8.3.0/lib/gcc/8/gcc/x86_64-apple-darwin18.2.0/8.3.0/../../..] ==> [/usr/local/Cellar/gcc/8.3.0/lib/gcc/8]
  collapse library dir [/usr/local/opt/llvm/lib] ==> [/usr/local/opt/llvm/lib]
  collapse library dir [/usr/local/opt/openssl/lib] ==> [/usr/local/opt/openssl/lib]
  collapse library dir [/usr/local/Cellar/gcc/8.3.0/lib/gcc/8/gcc/x86_64-apple-darwin18.2.0/8.3.0] ==> [/usr/local/Cellar/gcc/8.3.0/lib/gcc/8/gcc/x86_64-apple-darwin18.2.0/8.3.0]
  collapse library dir [/usr/local/Cellar/gcc/8.3.0/lib/gcc/8] ==> [/usr/local/Cellar/gcc/8.3.0/lib/gcc/8]
  collapse library dir [/Library/Developer/CommandLineTools/SDKs/MacOSX10.14.sdk/usr/lib] ==> [/Library/Developer/CommandLineTools/SDKs/MacOSX10.14.sdk/usr/lib]
  collapse framework dir [/Library/Developer/CommandLineTools/SDKs/MacOSX10.14.sdk/System/Library/Frameworks/] ==> [/Library/Developer/CommandLineTools/SDKs/MacOSX10.14.sdk/System/Library/Frameworks]
  implicit libs: [gcc_ext.10.5;gcc]
  implicit dirs: [/usr/local/opt/llvm/lib;/usr/local/opt/openssl/lib;/usr/local/Cellar/gcc/8.3.0/lib/gcc/8/gcc/x86_64-apple-darwin18.2.0/8.3.0;/usr/local/Cellar/gcc/8.3.0/lib/gcc/8;/Library/Developer/CommandLineTools/SDKs/MacOSX10.14.sdk/usr/lib]
  implicit fwks: [/Library/Developer/CommandLineTools/SDKs/MacOSX10.14.sdk/System/Library/Frameworks]




Detecting C [-std=c11] compiler features compiled with the following output:
Change Dir: /Volumes/Data/work/CC/c3/w6/seo/cmake-build-debug/CMakeFiles/CMakeTmp

Run Build Command:"/usr/bin/make" "cmTC_0b3d1/fast"
/Library/Developer/CommandLineTools/usr/bin/make -f CMakeFiles/cmTC_0b3d1.dir/build.make CMakeFiles/cmTC_0b3d1.dir/build
Building C object CMakeFiles/cmTC_0b3d1.dir/feature_tests.c.o
/usr/local/Cellar/gcc/8.3.0/bin/gcc-8   -isysroot /Library/Developer/CommandLineTools/SDKs/MacOSX10.14.sdk   -std=c11 -o CMakeFiles/cmTC_0b3d1.dir/feature_tests.c.o   -c /Volumes/Data/work/CC/c3/w6/seo/cmake-build-debug/CMakeFiles/feature_tests.c
Linking C executable cmTC_0b3d1
/Applications/CLion.app/Contents/bin/cmake/mac/bin/cmake -E cmake_link_script CMakeFiles/cmTC_0b3d1.dir/link.txt --verbose=1
/usr/local/Cellar/gcc/8.3.0/bin/gcc-8   -isysroot /Library/Developer/CommandLineTools/SDKs/MacOSX10.14.sdk -Wl,-search_paths_first -Wl,-headerpad_max_install_names -L/usr/local/opt/llvm/lib -Wl,-rpath,/usr/local/opt/llvm/lib -L/usr/local/opt/openssl/lib  CMakeFiles/cmTC_0b3d1.dir/feature_tests.c.o  -o cmTC_0b3d1 


    Feature record: C_FEATURE:1c_function_prototypes
    Feature record: C_FEATURE:1c_restrict
    Feature record: C_FEATURE:1c_static_assert
    Feature record: C_FEATURE:1c_variadic_macros


Detecting C [-std=c99] compiler features compiled with the following output:
Change Dir: /Volumes/Data/work/CC/c3/w6/seo/cmake-build-debug/CMakeFiles/CMakeTmp

Run Build Command:"/usr/bin/make" "cmTC_2d76f/fast"
/Library/Developer/CommandLineTools/usr/bin/make -f CMakeFiles/cmTC_2d76f.dir/build.make CMakeFiles/cmTC_2d76f.dir/build
Building C object CMakeFiles/cmTC_2d76f.dir/feature_tests.c.o
/usr/local/Cellar/gcc/8.3.0/bin/gcc-8   -isysroot /Library/Developer/CommandLineTools/SDKs/MacOSX10.14.sdk   -std=c99 -o CMakeFiles/cmTC_2d76f.dir/feature_tests.c.o   -c /Volumes/Data/work/CC/c3/w6/seo/cmake-build-debug/CMakeFiles/feature_tests.c
Linking C executable cmTC_2d76f
/Applications/CLion.app/Contents/bin/cmake/mac/bin/cmake -E cmake_link_script CMakeFiles/cmTC_2d76f.dir/link.txt --verbose=1
/usr/local/Cellar/gcc/8.3.0/bin/gcc-8   -isysroot /Library/Developer/CommandLineTools/SDKs/MacOSX10.14.sdk -Wl,-search_paths_first -Wl,-headerpad_max_install_names -L/usr/local/opt/llvm/lib -Wl,-rpath,/usr/local/opt/llvm/lib -L/usr/local/opt/openssl/lib  CMakeFiles/cmTC_2d76f.dir/feature_tests.c.o  -o cmTC_2d76f 


    Feature record: C_FEATURE:1c_function_prototypes
    Feature record: C_FEATURE:1c_restrict
    Feature record: C_FEATURE:0c_static_assert
    Feature record: C_FEATURE:1c_variadic_macros


Detecting C [-std=c90] compiler features compiled with the following output:
Change Dir: /Volumes/Data/work/CC/c3/w6/seo/cmake-build-debug/CMakeFiles/CMakeTmp

Run Build Command:"/usr/bin/make" "cmTC_f4e72/fast"
/Library/Developer/CommandLineTools/usr/bin/make -f CMakeFiles/cmTC_f4e72.dir/build.make CMakeFiles/cmTC_f4e72.dir/build
Building C object CMakeFiles/cmTC_f4e72.dir/feature_tests.c.o
/usr/local/Cellar/gcc/8.3.0/bin/gcc-8   -isysroot /Library/Developer/CommandLineTools/SDKs/MacOSX10.14.sdk   -std=c90 -o CMakeFiles/cmTC_f4e72.dir/feature_tests.c.o   -c /Volumes/Data/work/CC/c3/w6/seo/cmake-build-debug/CMakeFiles/feature_tests.c
Linking C executable cmTC_f4e72
/Applications/CLion.app/Contents/bin/cmake/mac/bin/cmake -E cmake_link_script CMakeFiles/cmTC_f4e72.dir/link.txt --verbose=1
/usr/local/Cellar/gcc/8.3.0/bin/gcc-8   -isysroot /Library/Developer/CommandLineTools/SDKs/MacOSX10.14.sdk -Wl,-search_paths_first -Wl,-headerpad_max_install_names -L/usr/local/opt/llvm/lib -Wl,-rpath,/usr/local/opt/llvm/lib -L/usr/local/opt/openssl/lib  CMakeFiles/cmTC_f4e72.dir/feature_tests.c.o  -o cmTC_f4e72 


    Feature record: C_FEATURE:1c_function_prototypes
    Feature record: C_FEATURE:0c_restrict
    Feature record: C_FEATURE:0c_static_assert
    Feature record: C_FEATURE:0c_variadic_macros
Determining if the CXX compiler works passed with the following output:
Change Dir: /Volumes/Data/work/CC/c3/w6/seo/cmake-build-debug/CMakeFiles/CMakeTmp

Run Build Command:"/usr/bin/make" "cmTC_35335/fast"
/Library/Developer/CommandLineTools/usr/bin/make -f CMakeFiles/cmTC_35335.dir/build.make CMakeFiles/cmTC_35335.dir/build
Building CXX object CMakeFiles/cmTC_35335.dir/testCXXCompiler.cxx.o
/usr/local/Cellar/gcc/8.3.0/bin/g++-8    -isysroot /Library/Developer/CommandLineTools/SDKs/MacOSX10.14.sdk   -o CMakeFiles/cmTC_35335.dir/testCXXCompiler.cxx.o -c /Volumes/Data/work/CC/c3/w6/seo/cmake-build-debug/CMakeFiles/CMakeTmp/testCXXCompiler.cxx
Linking CXX executable cmTC_35335
/Applications/CLion.app/Contents/bin/cmake/mac/bin/cmake -E cmake_link_script CMakeFiles/cmTC_35335.dir/link.txt --verbose=1
/usr/local/Cellar/gcc/8.3.0/bin/g++-8    -isysroot /Library/Developer/CommandLineTools/SDKs/MacOSX10.14.sdk -Wl,-search_paths_first -Wl,-headerpad_max_install_names -L/usr/local/opt/llvm/lib -Wl,-rpath,/usr/local/opt/llvm/lib -L/usr/local/opt/openssl/lib  CMakeFiles/cmTC_35335.dir/testCXXCompiler.cxx.o  -o cmTC_35335 


Detecting CXX compiler ABI info compiled with the following output:
Change Dir: /Volumes/Data/work/CC/c3/w6/seo/cmake-build-debug/CMakeFiles/CMakeTmp

Run Build Command:"/usr/bin/make" "cmTC_f3a99/fast"
/Library/Developer/CommandLineTools/usr/bin/make -f CMakeFiles/cmTC_f3a99.dir/build.make CMakeFiles/cmTC_f3a99.dir/build
Building CXX object CMakeFiles/cmTC_f3a99.dir/CMakeCXXCompilerABI.cpp.o
/usr/local/Cellar/gcc/8.3.0/bin/g++-8    -isysroot /Library/Developer/CommandLineTools/SDKs/MacOSX10.14.sdk   -o CMakeFiles/cmTC_f3a99.dir/CMakeCXXCompilerABI.cpp.o -c /Applications/CLion.app/Contents/bin/cmake/mac/share/cmake-3.12/Modules/CMakeCXXCompilerABI.cpp
Linking CXX executable cmTC_f3a99
/Applications/CLion.app/Contents/bin/cmake/mac/bin/cmake -E cmake_link_script CMakeFiles/cmTC_f3a99.dir/link.txt --verbose=1
/usr/local/Cellar/gcc/8.3.0/bin/g++-8    -isysroot /Library/Developer/CommandLineTools/SDKs/MacOSX10.14.sdk -Wl,-search_paths_first -Wl,-headerpad_max_install_names -L/usr/local/opt/llvm/lib -Wl,-rpath,/usr/local/opt/llvm/lib -L/usr/local/opt/openssl/lib -v -Wl,-v CMakeFiles/cmTC_f3a99.dir/CMakeCXXCompilerABI.cpp.o  -o cmTC_f3a99 
Using built-in specs.
COLLECT_GCC=/usr/local/Cellar/gcc/8.3.0/bin/g++-8
COLLECT_LTO_WRAPPER=/usr/local/Cellar/gcc/8.3.0/libexec/gcc/x86_64-apple-darwin18.2.0/8.3.0/lto-wrapper
Target: x86_64-apple-darwin18.2.0
Configured with: ../configure --build=x86_64-apple-darwin18.2.0 --prefix=/usr/local/Cellar/gcc/8.3.0 --libdir=/usr/local/Cellar/gcc/8.3.0/lib/gcc/8 --disable-nls --enable-checking=release --enable-languages=c,c++,objc,obj-c++,fortran --program-suffix=-8 --with-gmp=/usr/local/opt/gmp --with-mpfr=/usr/local/opt/mpfr --with-mpc=/usr/local/opt/libmpc --with-isl=/usr/local/opt/isl --with-system-zlib --with-pkgversion='Homebrew GCC 8.3.0' --with-bugurl=https://github.com/Homebrew/homebrew-core/issues --disable-multilib --with-native-system-header-dir=/usr/include --with-sysroot=/Library/Developer/CommandLineTools/SDKs/MacOSX.sdk
Thread model: posix
gcc version 8.3.0 (Homebrew GCC 8.3.0) 
COMPILER_PATH=/usr/local/Cellar/gcc/8.3.0/libexec/gcc/x86_64-apple-darwin18.2.0/8.3.0/:/usr/local/Cellar/gcc/8.3.0/libexec/gcc/x86_64-apple-darwin18.2.0/8.3.0/:/usr/local/Cellar/gcc/8.3.0/libexec/gcc/x86_64-apple-darwin18.2.0/:/usr/local/Cellar/gcc/8.3.0/lib/gcc/8/gcc/x86_64-apple-darwin18.2.0/8.3.0/:/usr/local/Cellar/gcc/8.3.0/lib/gcc/8/gcc/x86_64-apple-darwin18.2.0/
LIBRARY_PATH=/usr/local/Cellar/gcc/8.3.0/lib/gcc/8/gcc/x86_64-apple-darwin18.2.0/8.3.0/:/usr/local/Cellar/gcc/8.3.0/lib/gcc/8/gcc/x86_64-apple-darwin18.2.0/8.3.0/../../../
COLLECT_GCC_OPTIONS='-isysroot' '/Library/Developer/CommandLineTools/SDKs/MacOSX10.14.sdk' '-L/usr/local/opt/llvm/lib' '-L/usr/local/opt/openssl/lib' '-v' '-o' 'cmTC_f3a99' '-mmacosx-version-min=10.14.0' '-asm_macosx_version_min=10.14' '-shared-libgcc' '-mtune=core2'
 /usr/local/Cellar/gcc/8.3.0/libexec/gcc/x86_64-apple-darwin18.2.0/8.3.0/collect2 -dynamic -arch x86_64 -macosx_version_min 10.14.0 -syslibroot /Library/Developer/CommandLineTools/SDKs/MacOSX10.14.sdk -weak_reference_mismatches non-weak -o cmTC_f3a99 -L/usr/local/opt/llvm/lib -L/usr/local/opt/openssl/lib -L/usr/local/Cellar/gcc/8.3.0/lib/gcc/8/gcc/x86_64-apple-darwin18.2.0/8.3.0 -L/usr/local/Cellar/gcc/8.3.0/lib/gcc/8/gcc/x86_64-apple-darwin18.2.0/8.3.0/../../.. -search_paths_first -headerpad_max_install_names -rpath /usr/local/opt/llvm/lib -v CMakeFiles/cmTC_f3a99.dir/CMakeCXXCompilerABI.cpp.o -lstdc++ -no_compact_unwind -lSystem -lgcc_ext.10.5 -lgcc -lSystem -v
collect2 version 8.3.0
/usr/bin/ld -dynamic -arch x86_64 -macosx_version_min 10.14.0 -syslibroot /Library/Developer/CommandLineTools/SDKs/MacOSX10.14.sdk -weak_reference_mismatches non-weak -o cmTC_f3a99 -L/usr/local/opt/llvm/lib -L/usr/local/opt/openssl/lib -L/usr/local/Cellar/gcc/8.3.0/lib/gcc/8/gcc/x86_64-apple-darwin18.2.0/8.3.0 -L/usr/local/Cellar/gcc/8.3.0/lib/gcc/8/gcc/x86_64-apple-darwin18.2.0/8.3.0/../../.. -search_paths_first -headerpad_max_install_names -rpath /usr/local/opt/llvm/lib -v CMakeFiles/cmTC_f3a99.dir/CMakeCXXCompilerABI.cpp.o -lstdc++ -no_compact_unwind -lSystem -lgcc_ext.10.5 -lgcc -lSystem -v
@(#)PROGRAM:ld  PROJECT:ld64-450.3
BUILD 18:45:16 Apr  4 2019
configured to support archs: armv6 armv7 armv7s arm64 arm64e arm64_32 i386 x86_64 x86_64h armv6m armv7k armv7m armv7em
@(#)PROGRAM:ld  PROJECT:ld64-450.3
BUILD 18:45:16 Apr  4 2019
configured to support archs: armv6 armv7 armv7s arm64 arm64e arm64_32 i386 x86_64 x86_64h armv6m armv7k armv7m armv7em
Library search paths:
	/usr/local/opt/llvm/lib
	/usr/local/opt/openssl/lib
	/usr/local/Cellar/gcc/8.3.0/lib/gcc/8/gcc/x86_64-apple-darwin18.2.0/8.3.0
	/usr/local/Cellar/gcc/8.3.0/lib/gcc/8
	/Library/Developer/CommandLineTools/SDKs/MacOSX10.14.sdk/usr/lib
Framework search paths:
	/Library/Developer/CommandLineTools/SDKs/MacOSX10.14.sdk/System/Library/Frameworks/
 /usr/bin/nm -n CMakeFiles/cmTC_f3a99.dir/CMakeCXXCompilerABI.cpp.o


Parsed CXX implicit link information from above output:
  link line regex: [^( *|.*[/\])(ld|CMAKE_LINK_STARTFILE-NOTFOUND|([^/\]+-)?ld|collect2)[^/\]*( |$)]
  ignore line: [Change Dir: /Volumes/Data/work/CC/c3/w6/seo/cmake-build-debug/CMakeFiles/CMakeTmp]
  ignore line: []
  ignore line: [Run Build Command:"/usr/bin/make" "cmTC_f3a99/fast"]
  ignore line: [/Library/Developer/CommandLineTools/usr/bin/make -f CMakeFiles/cmTC_f3a99.dir/build.make CMakeFiles/cmTC_f3a99.dir/build]
  ignore line: [Building CXX object CMakeFiles/cmTC_f3a99.dir/CMakeCXXCompilerABI.cpp.o]
  ignore line: [/usr/local/Cellar/gcc/8.3.0/bin/g++-8    -isysroot /Library/Developer/CommandLineTools/SDKs/MacOSX10.14.sdk   -o CMakeFiles/cmTC_f3a99.dir/CMakeCXXCompilerABI.cpp.o -c /Applications/CLion.app/Contents/bin/cmake/mac/share/cmake-3.12/Modules/CMakeCXXCompilerABI.cpp]
  ignore line: [Linking CXX executable cmTC_f3a99]
  ignore line: [/Applications/CLion.app/Contents/bin/cmake/mac/bin/cmake -E cmake_link_script CMakeFiles/cmTC_f3a99.dir/link.txt --verbose=1]
  ignore line: [/usr/local/Cellar/gcc/8.3.0/bin/g++-8    -isysroot /Library/Developer/CommandLineTools/SDKs/MacOSX10.14.sdk -Wl,-search_paths_first -Wl,-headerpad_max_install_names -L/usr/local/opt/llvm/lib -Wl,-rpath,/usr/local/opt/llvm/lib -L/usr/local/opt/openssl/lib -v -Wl,-v CMakeFiles/cmTC_f3a99.dir/CMakeCXXCompilerABI.cpp.o  -o cmTC_f3a99 ]
  ignore line: [Using built-in specs.]
  ignore line: [COLLECT_GCC=/usr/local/Cellar/gcc/8.3.0/bin/g++-8]
  ignore line: [COLLECT_LTO_WRAPPER=/usr/local/Cellar/gcc/8.3.0/libexec/gcc/x86_64-apple-darwin18.2.0/8.3.0/lto-wrapper]
  ignore line: [Target: x86_64-apple-darwin18.2.0]
  ignore line: [Configured with: ../configure --build=x86_64-apple-darwin18.2.0 --prefix=/usr/local/Cellar/gcc/8.3.0 --libdir=/usr/local/Cellar/gcc/8.3.0/lib/gcc/8 --disable-nls --enable-checking=release --enable-languages=c,c++,objc,obj-c++,fortran --program-suffix=-8 --with-gmp=/usr/local/opt/gmp --with-mpfr=/usr/local/opt/mpfr --with-mpc=/usr/local/opt/libmpc --with-isl=/usr/local/opt/isl --with-system-zlib --with-pkgversion='Homebrew GCC 8.3.0' --with-bugurl=https://github.com/Homebrew/homebrew-core/issues --disable-multilib --with-native-system-header-dir=/usr/include --with-sysroot=/Library/Developer/CommandLineTools/SDKs/MacOSX.sdk]
  ignore line: [Thread model: posix]
  ignore line: [gcc version 8.3.0 (Homebrew GCC 8.3.0) ]
  ignore line: [COMPILER_PATH=/usr/local/Cellar/gcc/8.3.0/libexec/gcc/x86_64-apple-darwin18.2.0/8.3.0/:/usr/local/Cellar/gcc/8.3.0/libexec/gcc/x86_64-apple-darwin18.2.0/8.3.0/:/usr/local/Cellar/gcc/8.3.0/libexec/gcc/x86_64-apple-darwin18.2.0/:/usr/local/Cellar/gcc/8.3.0/lib/gcc/8/gcc/x86_64-apple-darwin18.2.0/8.3.0/:/usr/local/Cellar/gcc/8.3.0/lib/gcc/8/gcc/x86_64-apple-darwin18.2.0/]
  ignore line: [LIBRARY_PATH=/usr/local/Cellar/gcc/8.3.0/lib/gcc/8/gcc/x86_64-apple-darwin18.2.0/8.3.0/:/usr/local/Cellar/gcc/8.3.0/lib/gcc/8/gcc/x86_64-apple-darwin18.2.0/8.3.0/../../../]
  ignore line: [COLLECT_GCC_OPTIONS='-isysroot' '/Library/Developer/CommandLineTools/SDKs/MacOSX10.14.sdk' '-L/usr/local/opt/llvm/lib' '-L/usr/local/opt/openssl/lib' '-v' '-o' 'cmTC_f3a99' '-mmacosx-version-min=10.14.0' '-asm_macosx_version_min=10.14' '-shared-libgcc' '-mtune=core2']
  link line: [ /usr/local/Cellar/gcc/8.3.0/libexec/gcc/x86_64-apple-darwin18.2.0/8.3.0/collect2 -dynamic -arch x86_64 -macosx_version_min 10.14.0 -syslibroot /Library/Developer/CommandLineTools/SDKs/MacOSX10.14.sdk -weak_reference_mismatches non-weak -o cmTC_f3a99 -L/usr/local/opt/llvm/lib -L/usr/local/opt/openssl/lib -L/usr/local/Cellar/gcc/8.3.0/lib/gcc/8/gcc/x86_64-apple-darwin18.2.0/8.3.0 -L/usr/local/Cellar/gcc/8.3.0/lib/gcc/8/gcc/x86_64-apple-darwin18.2.0/8.3.0/../../.. -search_paths_first -headerpad_max_install_names -rpath /usr/local/opt/llvm/lib -v CMakeFiles/cmTC_f3a99.dir/CMakeCXXCompilerABI.cpp.o -lstdc++ -no_compact_unwind -lSystem -lgcc_ext.10.5 -lgcc -lSystem -v]
    arg [/usr/local/Cellar/gcc/8.3.0/libexec/gcc/x86_64-apple-darwin18.2.0/8.3.0/collect2] ==> ignore
    arg [-dynamic] ==> ignore
    arg [-arch] ==> ignore
    arg [x86_64] ==> ignore
    arg [-macosx_version_min] ==> ignore
    arg [10.14.0] ==> ignore
    arg [-syslibroot] ==> ignore
    arg [/Library/Developer/CommandLineTools/SDKs/MacOSX10.14.sdk] ==> ignore
    arg [-weak_reference_mismatches] ==> ignore
    arg [non-weak] ==> ignore
    arg [-o] ==> ignore
    arg [cmTC_f3a99] ==> ignore
    arg [-L/usr/local/opt/llvm/lib] ==> dir [/usr/local/opt/llvm/lib]
    arg [-L/usr/local/opt/openssl/lib] ==> dir [/usr/local/opt/openssl/lib]
    arg [-L/usr/local/Cellar/gcc/8.3.0/lib/gcc/8/gcc/x86_64-apple-darwin18.2.0/8.3.0] ==> dir [/usr/local/Cellar/gcc/8.3.0/lib/gcc/8/gcc/x86_64-apple-darwin18.2.0/8.3.0]
    arg [-L/usr/local/Cellar/gcc/8.3.0/lib/gcc/8/gcc/x86_64-apple-darwin18.2.0/8.3.0/../../..] ==> dir [/usr/local/Cellar/gcc/8.3.0/lib/gcc/8/gcc/x86_64-apple-darwin18.2.0/8.3.0/../../..]
    arg [-search_paths_first] ==> ignore
    arg [-headerpad_max_install_names] ==> ignore
    arg [-rpath] ==> ignore
    arg [/usr/local/opt/llvm/lib] ==> ignore
    arg [-v] ==> ignore
    arg [CMakeFiles/cmTC_f3a99.dir/CMakeCXXCompilerABI.cpp.o] ==> ignore
    arg [-lstdc++] ==> lib [stdc++]
    arg [-no_compact_unwind] ==> ignore
    arg [-lSystem] ==> lib [System]
    arg [-lgcc_ext.10.5] ==> lib [gcc_ext.10.5]
    arg [-lgcc] ==> lib [gcc]
    arg [-lSystem] ==> lib [System]
    arg [-v] ==> ignore
  Library search paths: [;/usr/local/opt/llvm/lib;/usr/local/opt/openssl/lib;/usr/local/Cellar/gcc/8.3.0/lib/gcc/8/gcc/x86_64-apple-darwin18.2.0/8.3.0;/usr/local/Cellar/gcc/8.3.0/lib/gcc/8;/Library/Developer/CommandLineTools/SDKs/MacOSX10.14.sdk/usr/lib]
  Framework search paths: [;/Library/Developer/CommandLineTools/SDKs/MacOSX10.14.sdk/System/Library/Frameworks/]
  remove lib [System]
  remove lib [System]
  collapse library dir [/usr/local/opt/llvm/lib] ==> [/usr/local/opt/llvm/lib]
  collapse library dir [/usr/local/opt/openssl/lib] ==> [/usr/local/opt/openssl/lib]
  collapse library dir [/usr/local/Cellar/gcc/8.3.0/lib/gcc/8/gcc/x86_64-apple-darwin18.2.0/8.3.0] ==> [/usr/local/Cellar/gcc/8.3.0/lib/gcc/8/gcc/x86_64-apple-darwin18.2.0/8.3.0]
  collapse library dir [/usr/local/Cellar/gcc/8.3.0/lib/gcc/8/gcc/x86_64-apple-darwin18.2.0/8.3.0/../../..] ==> [/usr/local/Cellar/gcc/8.3.0/lib/gcc/8]
  collapse library dir [/usr/local/opt/llvm/lib] ==> [/usr/local/opt/llvm/lib]
  collapse library dir [/usr/local/opt/openssl/lib] ==> [/usr/local/opt/openssl/lib]
  collapse library dir [/usr/local/Cellar/gcc/8.3.0/lib/gcc/8/gcc/x86_64-apple-darwin18.2.0/8.3.0] ==> [/usr/local/Cellar/gcc/8.3.0/lib/gcc/8/gcc/x86_64-apple-darwin18.2.0/8.3.0]
  collapse library dir [/usr/local/Cellar/gcc/8.3.0/lib/gcc/8] ==> [/usr/local/Cellar/gcc/8.3.0/lib/gcc/8]
  collapse library dir [/Library/Developer/CommandLineTools/SDKs/MacOSX10.14.sdk/usr/lib] ==> [/Library/Developer/CommandLineTools/SDKs/MacOSX10.14.sdk/usr/lib]
  collapse framework dir [/Library/Developer/CommandLineTools/SDKs/MacOSX10.14.sdk/System/Library/Frameworks/] ==> [/Library/Developer/CommandLineTools/SDKs/MacOSX10.14.sdk/System/Library/Frameworks]
  implicit libs: [stdc++;gcc_ext.10.5;gcc]
  implicit dirs: [/usr/local/opt/llvm/lib;/usr/local/opt/openssl/lib;/usr/local/Cellar/gcc/8.3.0/lib/gcc/8/gcc/x86_64-apple-darwin18.2.0/8.3.0;/usr/local/Cellar/gcc/8.3.0/lib/gcc/8;/Library/Developer/CommandLineTools/SDKs/MacOSX10.14.sdk/usr/lib]
  implicit fwks: [/Library/Developer/CommandLineTools/SDKs/MacOSX10.14.sdk/System/Library/Frameworks]




Detecting CXX [-std=c++2a] compiler features compiled with the following output:
Change Dir: /Volumes/Data/work/CC/c3/w6/seo/cmake-build-debug/CMakeFiles/CMakeTmp

Run Build Command:"/usr/bin/make" "cmTC_04f2e/fast"
/Library/Developer/CommandLineTools/usr/bin/make -f CMakeFiles/cmTC_04f2e.dir/build.make CMakeFiles/cmTC_04f2e.dir/build
Building CXX object CMakeFiles/cmTC_04f2e.dir/feature_tests.cxx.o
/usr/local/Cellar/gcc/8.3.0/bin/g++-8    -isysroot /Library/Developer/CommandLineTools/SDKs/MacOSX10.14.sdk   -std=c++2a -o CMakeFiles/cmTC_04f2e.dir/feature_tests.cxx.o -c /Volumes/Data/work/CC/c3/w6/seo/cmake-build-debug/CMakeFiles/feature_tests.cxx
Linking CXX executable cmTC_04f2e
/Applications/CLion.app/Contents/bin/cmake/mac/bin/cmake -E cmake_link_script CMakeFiles/cmTC_04f2e.dir/link.txt --verbose=1
/usr/local/Cellar/gcc/8.3.0/bin/g++-8    -isysroot /Library/Developer/CommandLineTools/SDKs/MacOSX10.14.sdk -Wl,-search_paths_first -Wl,-headerpad_max_install_names -L/usr/local/opt/llvm/lib -Wl,-rpath,/usr/local/opt/llvm/lib -L/usr/local/opt/openssl/lib  CMakeFiles/cmTC_04f2e.dir/feature_tests.cxx.o  -o cmTC_04f2e 


    Feature record: CXX_FEATURE:1cxx_aggregate_default_initializers
    Feature record: CXX_FEATURE:1cxx_alias_templates
    Feature record: CXX_FEATURE:1cxx_alignas
    Feature record: CXX_FEATURE:1cxx_alignof
    Feature record: CXX_FEATURE:1cxx_attributes
    Feature record: CXX_FEATURE:1cxx_attribute_deprecated
    Feature record: CXX_FEATURE:1cxx_auto_type
    Feature record: CXX_FEATURE:1cxx_binary_literals
    Feature record: CXX_FEATURE:1cxx_constexpr
    Feature record: CXX_FEATURE:1cxx_contextual_conversions
    Feature record: CXX_FEATURE:1cxx_decltype
    Feature record: CXX_FEATURE:1cxx_decltype_auto
    Feature record: CXX_FEATURE:1cxx_decltype_incomplete_return_types
    Feature record: CXX_FEATURE:1cxx_default_function_template_args
    Feature record: CXX_FEATURE:1cxx_defaulted_functions
    Feature record: CXX_FEATURE:1cxx_defaulted_move_initializers
    Feature record: CXX_FEATURE:1cxx_delegating_constructors
    Feature record: CXX_FEATURE:1cxx_deleted_functions
    Feature record: CXX_FEATURE:1cxx_digit_separators
    Feature record: CXX_FEATURE:1cxx_enum_forward_declarations
    Feature record: CXX_FEATURE:1cxx_explicit_conversions
    Feature record: CXX_FEATURE:1cxx_extended_friend_declarations
    Feature record: CXX_FEATURE:1cxx_extern_templates
    Feature record: CXX_FEATURE:1cxx_final
    Feature record: CXX_FEATURE:1cxx_func_identifier
    Feature record: CXX_FEATURE:1cxx_generalized_initializers
    Feature record: CXX_FEATURE:1cxx_generic_lambdas
    Feature record: CXX_FEATURE:1cxx_inheriting_constructors
    Feature record: CXX_FEATURE:1cxx_inline_namespaces
    Feature record: CXX_FEATURE:1cxx_lambdas
    Feature record: CXX_FEATURE:1cxx_lambda_init_captures
    Feature record: CXX_FEATURE:1cxx_local_type_template_args
    Feature record: CXX_FEATURE:1cxx_long_long_type
    Feature record: CXX_FEATURE:1cxx_noexcept
    Feature record: CXX_FEATURE:1cxx_nonstatic_member_init
    Feature record: CXX_FEATURE:1cxx_nullptr
    Feature record: CXX_FEATURE:1cxx_override
    Feature record: CXX_FEATURE:1cxx_range_for
    Feature record: CXX_FEATURE:1cxx_raw_string_literals
    Feature record: CXX_FEATURE:1cxx_reference_qualified_functions
    Feature record: CXX_FEATURE:1cxx_relaxed_constexpr
    Feature record: CXX_FEATURE:1cxx_return_type_deduction
    Feature record: CXX_FEATURE:1cxx_right_angle_brackets
    Feature record: CXX_FEATURE:1cxx_rvalue_references
    Feature record: CXX_FEATURE:1cxx_sizeof_member
    Feature record: CXX_FEATURE:1cxx_static_assert
    Feature record: CXX_FEATURE:1cxx_strong_enums
    Feature record: CXX_FEATURE:1cxx_template_template_parameters
    Feature record: CXX_FEATURE:1cxx_thread_local
    Feature record: CXX_FEATURE:1cxx_trailing_return_types
    Feature record: CXX_FEATURE:1cxx_unicode_literals
    Feature record: CXX_FEATURE:1cxx_uniform_initialization
    Feature record: CXX_FEATURE:1cxx_unrestricted_unions
    Feature record: CXX_FEATURE:1cxx_user_literals
    Feature record: CXX_FEATURE:1cxx_variable_templates
    Feature record: CXX_FEATURE:1cxx_variadic_macros
    Feature record: CXX_FEATURE:1cxx_variadic_templates


Detecting CXX [-std=c++17] compiler features compiled with the following output:
Change Dir: /Volumes/Data/work/CC/c3/w6/seo/cmake-build-debug/CMakeFiles/CMakeTmp

Run Build Command:"/usr/bin/make" "cmTC_cbaa2/fast"
/Library/Developer/CommandLineTools/usr/bin/make -f CMakeFiles/cmTC_cbaa2.dir/build.make CMakeFiles/cmTC_cbaa2.dir/build
Building CXX object CMakeFiles/cmTC_cbaa2.dir/feature_tests.cxx.o
/usr/local/Cellar/gcc/8.3.0/bin/g++-8    -isysroot /Library/Developer/CommandLineTools/SDKs/MacOSX10.14.sdk   -std=c++17 -o CMakeFiles/cmTC_cbaa2.dir/feature_tests.cxx.o -c /Volumes/Data/work/CC/c3/w6/seo/cmake-build-debug/CMakeFiles/feature_tests.cxx
Linking CXX executable cmTC_cbaa2
/Applications/CLion.app/Contents/bin/cmake/mac/bin/cmake -E cmake_link_script CMakeFiles/cmTC_cbaa2.dir/link.txt --verbose=1
/usr/local/Cellar/gcc/8.3.0/bin/g++-8    -isysroot /Library/Developer/CommandLineTools/SDKs/MacOSX10.14.sdk -Wl,-search_paths_first -Wl,-headerpad_max_install_names -L/usr/local/opt/llvm/lib -Wl,-rpath,/usr/local/opt/llvm/lib -L/usr/local/opt/openssl/lib  CMakeFiles/cmTC_cbaa2.dir/feature_tests.cxx.o  -o cmTC_cbaa2 


    Feature record: CXX_FEATURE:1cxx_aggregate_default_initializers
    Feature record: CXX_FEATURE:1cxx_alias_templates
    Feature record: CXX_FEATURE:1cxx_alignas
    Feature record: CXX_FEATURE:1cxx_alignof
    Feature record: CXX_FEATURE:1cxx_attributes
    Feature record: CXX_FEATURE:1cxx_attribute_deprecated
    Feature record: CXX_FEATURE:1cxx_auto_type
    Feature record: CXX_FEATURE:1cxx_binary_literals
    Feature record: CXX_FEATURE:1cxx_constexpr
    Feature record: CXX_FEATURE:1cxx_contextual_conversions
    Feature record: CXX_FEATURE:1cxx_decltype
    Feature record: CXX_FEATURE:1cxx_decltype_auto
    Feature record: CXX_FEATURE:1cxx_decltype_incomplete_return_types
    Feature record: CXX_FEATURE:1cxx_default_function_template_args
    Feature record: CXX_FEATURE:1cxx_defaulted_functions
    Feature record: CXX_FEATURE:1cxx_defaulted_move_initializers
    Feature record: CXX_FEATURE:1cxx_delegating_constructors
    Feature record: CXX_FEATURE:1cxx_deleted_functions
    Feature record: CXX_FEATURE:1cxx_digit_separators
    Feature record: CXX_FEATURE:1cxx_enum_forward_declarations
    Feature record: CXX_FEATURE:1cxx_explicit_conversions
    Feature record: CXX_FEATURE:1cxx_extended_friend_declarations
    Feature record: CXX_FEATURE:1cxx_extern_templates
    Feature record: CXX_FEATURE:1cxx_final
    Feature record: CXX_FEATURE:1cxx_func_identifier
    Feature record: CXX_FEATURE:1cxx_generalized_initializers
    Feature record: CXX_FEATURE:1cxx_generic_lambdas
    Feature record: CXX_FEATURE:1cxx_inheriting_constructors
    Feature record: CXX_FEATURE:1cxx_inline_namespaces
    Feature record: CXX_FEATURE:1cxx_lambdas
    Feature record: CXX_FEATURE:1cxx_lambda_init_captures
    Feature record: CXX_FEATURE:1cxx_local_type_template_args
    Feature record: CXX_FEATURE:1cxx_long_long_type
    Feature record: CXX_FEATURE:1cxx_noexcept
    Feature record: CXX_FEATURE:1cxx_nonstatic_member_init
    Feature record: CXX_FEATURE:1cxx_nullptr
    Feature record: CXX_FEATURE:1cxx_override
    Feature record: CXX_FEATURE:1cxx_range_for
    Feature record: CXX_FEATURE:1cxx_raw_string_literals
    Feature record: CXX_FEATURE:1cxx_reference_qualified_functions
    Feature record: CXX_FEATURE:1cxx_relaxed_constexpr
    Feature record: CXX_FEATURE:1cxx_return_type_deduction
    Feature record: CXX_FEATURE:1cxx_right_angle_brackets
    Feature record: CXX_FEATURE:1cxx_rvalue_references
    Feature record: CXX_FEATURE:1cxx_sizeof_member
    Feature record: CXX_FEATURE:1cxx_static_assert
    Feature record: CXX_FEATURE:1cxx_strong_enums
    Feature record: CXX_FEATURE:1cxx_template_template_parameters
    Feature record: CXX_FEATURE:1cxx_thread_local
    Feature record: CXX_FEATURE:1cxx_trailing_return_types
    Feature record: CXX_FEATURE:1cxx_unicode_literals
    Feature record: CXX_FEATURE:1cxx_uniform_initialization
    Feature record: CXX_FEATURE:1cxx_unrestricted_unions
    Feature record: CXX_FEATURE:1cxx_user_literals
    Feature record: CXX_FEATURE:1cxx_variable_templates
    Feature record: CXX_FEATURE:1cxx_variadic_macros
    Feature record: CXX_FEATURE:1cxx_variadic_templates


Detecting CXX [-std=c++14] compiler features compiled with the following output:
Change Dir: /Volumes/Data/work/CC/c3/w6/seo/cmake-build-debug/CMakeFiles/CMakeTmp

Run Build Command:"/usr/bin/make" "cmTC_c1d7a/fast"
/Library/Developer/CommandLineTools/usr/bin/make -f CMakeFiles/cmTC_c1d7a.dir/build.make CMakeFiles/cmTC_c1d7a.dir/build
Building CXX object CMakeFiles/cmTC_c1d7a.dir/feature_tests.cxx.o
/usr/local/Cellar/gcc/8.3.0/bin/g++-8    -isysroot /Library/Developer/CommandLineTools/SDKs/MacOSX10.14.sdk   -std=c++14 -o CMakeFiles/cmTC_c1d7a.dir/feature_tests.cxx.o -c /Volumes/Data/work/CC/c3/w6/seo/cmake-build-debug/CMakeFiles/feature_tests.cxx
Linking CXX executable cmTC_c1d7a
/Applications/CLion.app/Contents/bin/cmake/mac/bin/cmake -E cmake_link_script CMakeFiles/cmTC_c1d7a.dir/link.txt --verbose=1
/usr/local/Cellar/gcc/8.3.0/bin/g++-8    -isysroot /Library/Developer/CommandLineTools/SDKs/MacOSX10.14.sdk -Wl,-search_paths_first -Wl,-headerpad_max_install_names -L/usr/local/opt/llvm/lib -Wl,-rpath,/usr/local/opt/llvm/lib -L/usr/local/opt/openssl/lib  CMakeFiles/cmTC_c1d7a.dir/feature_tests.cxx.o  -o cmTC_c1d7a 


    Feature record: CXX_FEATURE:1cxx_aggregate_default_initializers
    Feature record: CXX_FEATURE:1cxx_alias_templates
    Feature record: CXX_FEATURE:1cxx_alignas
    Feature record: CXX_FEATURE:1cxx_alignof
    Feature record: CXX_FEATURE:1cxx_attributes
    Feature record: CXX_FEATURE:1cxx_attribute_deprecated
    Feature record: CXX_FEATURE:1cxx_auto_type
    Feature record: CXX_FEATURE:1cxx_binary_literals
    Feature record: CXX_FEATURE:1cxx_constexpr
    Feature record: CXX_FEATURE:1cxx_contextual_conversions
    Feature record: CXX_FEATURE:1cxx_decltype
    Feature record: CXX_FEATURE:1cxx_decltype_auto
    Feature record: CXX_FEATURE:1cxx_decltype_incomplete_return_types
    Feature record: CXX_FEATURE:1cxx_default_function_template_args
    Feature record: CXX_FEATURE:1cxx_defaulted_functions
    Feature record: CXX_FEATURE:1cxx_defaulted_move_initializers
    Feature record: CXX_FEATURE:1cxx_delegating_constructors
    Feature record: CXX_FEATURE:1cxx_deleted_functions
    Feature record: CXX_FEATURE:1cxx_digit_separators
    Feature record: CXX_FEATURE:1cxx_enum_forward_declarations
    Feature record: CXX_FEATURE:1cxx_explicit_conversions
    Feature record: CXX_FEATURE:1cxx_extended_friend_declarations
    Feature record: CXX_FEATURE:1cxx_extern_templates
    Feature record: CXX_FEATURE:1cxx_final
    Feature record: CXX_FEATURE:1cxx_func_identifier
    Feature record: CXX_FEATURE:1cxx_generalized_initializers
    Feature record: CXX_FEATURE:1cxx_generic_lambdas
    Feature record: CXX_FEATURE:1cxx_inheriting_constructors
    Feature record: CXX_FEATURE:1cxx_inline_namespaces
    Feature record: CXX_FEATURE:1cxx_lambdas
    Feature record: CXX_FEATURE:1cxx_lambda_init_captures
    Feature record: CXX_FEATURE:1cxx_local_type_template_args
    Feature record: CXX_FEATURE:1cxx_long_long_type
    Feature record: CXX_FEATURE:1cxx_noexcept
    Feature record: CXX_FEATURE:1cxx_nonstatic_member_init
    Feature record: CXX_FEATURE:1cxx_nullptr
    Feature record: CXX_FEATURE:1cxx_override
    Feature record: CXX_FEATURE:1cxx_range_for
    Feature record: CXX_FEATURE:1cxx_raw_string_literals
    Feature record: CXX_FEATURE:1cxx_reference_qualified_functions
    Feature record: CXX_FEATURE:1cxx_relaxed_constexpr
    Feature record: CXX_FEATURE:1cxx_return_type_deduction
    Feature record: CXX_FEATURE:1cxx_right_angle_brackets
    Feature record: CXX_FEATURE:1cxx_rvalue_references
    Feature record: CXX_FEATURE:1cxx_sizeof_member
    Feature record: CXX_FEATURE:1cxx_static_assert
    Feature record: CXX_FEATURE:1cxx_strong_enums
    Feature record: CXX_FEATURE:1cxx_template_template_parameters
    Feature record: CXX_FEATURE:1cxx_thread_local
    Feature record: CXX_FEATURE:1cxx_trailing_return_types
    Feature record: CXX_FEATURE:1cxx_unicode_literals
    Feature record: CXX_FEATURE:1cxx_uniform_initialization
    Feature record: CXX_FEATURE:1cxx_unrestricted_unions
    Feature record: CXX_FEATURE:1cxx_user_literals
    Feature record: CXX_FEATURE:1cxx_variable_templates
    Feature record: CXX_FEATURE:1cxx_variadic_macros
    Feature record: CXX_FEATURE:1cxx_variadic_templates


Detecting CXX [-std=c++11] compiler features compiled with the following output:
Change Dir: /Volumes/Data/work/CC/c3/w6/seo/cmake-build-debug/CMakeFiles/CMakeTmp

Run Build Command:"/usr/bin/make" "cmTC_74522/fast"
/Library/Developer/CommandLineTools/usr/bin/make -f CMakeFiles/cmTC_74522.dir/build.make CMakeFiles/cmTC_74522.dir/build
Building CXX object CMakeFiles/cmTC_74522.dir/feature_tests.cxx.o
/usr/local/Cellar/gcc/8.3.0/bin/g++-8    -isysroot /Library/Developer/CommandLineTools/SDKs/MacOSX10.14.sdk   -std=c++11 -o CMakeFiles/cmTC_74522.dir/feature_tests.cxx.o -c /Volumes/Data/work/CC/c3/w6/seo/cmake-build-debug/CMakeFiles/feature_tests.cxx
Linking CXX executable cmTC_74522
/Applications/CLion.app/Contents/bin/cmake/mac/bin/cmake -E cmake_link_script CMakeFiles/cmTC_74522.dir/link.txt --verbose=1
/usr/local/Cellar/gcc/8.3.0/bin/g++-8    -isysroot /Library/Developer/CommandLineTools/SDKs/MacOSX10.14.sdk -Wl,-search_paths_first -Wl,-headerpad_max_install_names -L/usr/local/opt/llvm/lib -Wl,-rpath,/usr/local/opt/llvm/lib -L/usr/local/opt/openssl/lib  CMakeFiles/cmTC_74522.dir/feature_tests.cxx.o  -o cmTC_74522 


    Feature record: CXX_FEATURE:0cxx_aggregate_default_initializers
    Feature record: CXX_FEATURE:1cxx_alias_templates
    Feature record: CXX_FEATURE:1cxx_alignas
    Feature record: CXX_FEATURE:1cxx_alignof
    Feature record: CXX_FEATURE:1cxx_attributes
    Feature record: CXX_FEATURE:0cxx_attribute_deprecated
    Feature record: CXX_FEATURE:1cxx_auto_type
    Feature record: CXX_FEATURE:0cxx_binary_literals
    Feature record: CXX_FEATURE:1cxx_constexpr
    Feature record: CXX_FEATURE:0cxx_contextual_conversions
    Feature record: CXX_FEATURE:1cxx_decltype
    Feature record: CXX_FEATURE:0cxx_decltype_auto
    Feature record: CXX_FEATURE:1cxx_decltype_incomplete_return_types
    Feature record: CXX_FEATURE:1cxx_default_function_template_args
    Feature record: CXX_FEATURE:1cxx_defaulted_functions
    Feature record: CXX_FEATURE:1cxx_defaulted_move_initializers
    Feature record: CXX_FEATURE:1cxx_delegating_constructors
    Feature record: CXX_FEATURE:1cxx_deleted_functions
    Feature record: CXX_FEATURE:0cxx_digit_separators
    Feature record: CXX_FEATURE:1cxx_enum_forward_declarations
    Feature record: CXX_FEATURE:1cxx_explicit_conversions
    Feature record: CXX_FEATURE:1cxx_extended_friend_declarations
    Feature record: CXX_FEATURE:1cxx_extern_templates
    Feature record: CXX_FEATURE:1cxx_final
    Feature record: CXX_FEATURE:1cxx_func_identifier
    Feature record: CXX_FEATURE:1cxx_generalized_initializers
    Feature record: CXX_FEATURE:0cxx_generic_lambdas
    Feature record: CXX_FEATURE:1cxx_inheriting_constructors
    Feature record: CXX_FEATURE:1cxx_inline_namespaces
    Feature record: CXX_FEATURE:1cxx_lambdas
    Feature record: CXX_FEATURE:0cxx_lambda_init_captures
    Feature record: CXX_FEATURE:1cxx_local_type_template_args
    Feature record: CXX_FEATURE:1cxx_long_long_type
    Feature record: CXX_FEATURE:1cxx_noexcept
    Feature record: CXX_FEATURE:1cxx_nonstatic_member_init
    Feature record: CXX_FEATURE:1cxx_nullptr
    Feature record: CXX_FEATURE:1cxx_override
    Feature record: CXX_FEATURE:1cxx_range_for
    Feature record: CXX_FEATURE:1cxx_raw_string_literals
    Feature record: CXX_FEATURE:1cxx_reference_qualified_functions
    Feature record: CXX_FEATURE:0cxx_relaxed_constexpr
    Feature record: CXX_FEATURE:0cxx_return_type_deduction
    Feature record: CXX_FEATURE:1cxx_right_angle_brackets
    Feature record: CXX_FEATURE:1cxx_rvalue_references
    Feature record: CXX_FEATURE:1cxx_sizeof_member
    Feature record: CXX_FEATURE:1cxx_static_assert
    Feature record: CXX_FEATURE:1cxx_strong_enums
    Feature record: CXX_FEATURE:1cxx_template_template_parameters
    Feature record: CXX_FEATURE:1cxx_thread_local
    Feature record: CXX_FEATURE:1cxx_trailing_return_types
    Feature record: CXX_FEATURE:1cxx_unicode_literals
    Feature record: CXX_FEATURE:1cxx_uniform_initialization
    Feature record: CXX_FEATURE:1cxx_unrestricted_unions
    Feature record: CXX_FEATURE:1cxx_user_literals
    Feature record: CXX_FEATURE:0cxx_variable_templates
    Feature record: CXX_FEATURE:1cxx_variadic_macros
    Feature record: CXX_FEATURE:1cxx_variadic_templates


Detecting CXX [-std=c++98] compiler features compiled with the following output:
Change Dir: /Volumes/Data/work/CC/c3/w6/seo/cmake-build-debug/CMakeFiles/CMakeTmp

Run Build Command:"/usr/bin/make" "cmTC_a9d92/fast"
/Library/Developer/CommandLineTools/usr/bin/make -f CMakeFiles/cmTC_a9d92.dir/build.make CMakeFiles/cmTC_a9d92.dir/build
Building CXX object CMakeFiles/cmTC_a9d92.dir/feature_tests.cxx.o
/usr/local/Cellar/gcc/8.3.0/bin/g++-8    -isysroot /Library/Developer/CommandLineTools/SDKs/MacOSX10.14.sdk   -std=c++98 -o CMakeFiles/cmTC_a9d92.dir/feature_tests.cxx.o -c /Volumes/Data/work/CC/c3/w6/seo/cmake-build-debug/CMakeFiles/feature_tests.cxx
Linking CXX executable cmTC_a9d92
/Applications/CLion.app/Contents/bin/cmake/mac/bin/cmake -E cmake_link_script CMakeFiles/cmTC_a9d92.dir/link.txt --verbose=1
/usr/local/Cellar/gcc/8.3.0/bin/g++-8    -isysroot /Library/Developer/CommandLineTools/SDKs/MacOSX10.14.sdk -Wl,-search_paths_first -Wl,-headerpad_max_install_names -L/usr/local/opt/llvm/lib -Wl,-rpath,/usr/local/opt/llvm/lib -L/usr/local/opt/openssl/lib  CMakeFiles/cmTC_a9d92.dir/feature_tests.cxx.o  -o cmTC_a9d92 


    Feature record: CXX_FEATURE:0cxx_aggregate_default_initializers
    Feature record: CXX_FEATURE:0cxx_alias_templates
    Feature record: CXX_FEATURE:0cxx_alignas
    Feature record: CXX_FEATURE:0cxx_alignof
    Feature record: CXX_FEATURE:0cxx_attributes
    Feature record: CXX_FEATURE:0cxx_attribute_deprecated
    Feature record: CXX_FEATURE:0cxx_auto_type
    Feature record: CXX_FEATURE:0cxx_binary_literals
    Feature record: CXX_FEATURE:0cxx_constexpr
    Feature record: CXX_FEATURE:0cxx_contextual_conversions
    Feature record: CXX_FEATURE:0cxx_decltype
    Feature record: CXX_FEATURE:0cxx_decltype_auto
    Feature record: CXX_FEATURE:0cxx_decltype_incomplete_return_types
    Feature record: CXX_FEATURE:0cxx_default_function_template_args
    Feature record: CXX_FEATURE:0cxx_defaulted_functions
    Feature record: CXX_FEATURE:0cxx_defaulted_move_initializers
    Feature record: CXX_FEATURE:0cxx_delegating_constructors
    Feature record: CXX_FEATURE:0cxx_deleted_functions
    Feature record: CXX_FEATURE:0cxx_digit_separators
    Feature record: CXX_FEATURE:0cxx_enum_forward_declarations
    Feature record: CXX_FEATURE:0cxx_explicit_conversions
    Feature record: CXX_FEATURE:0cxx_extended_friend_declarations
    Feature record: CXX_FEATURE:0cxx_extern_templates
    Feature record: CXX_FEATURE:0cxx_final
    Feature record: CXX_FEATURE:0cxx_func_identifier
    Feature record: CXX_FEATURE:0cxx_generalized_initializers
    Feature record: CXX_FEATURE:0cxx_generic_lambdas
    Feature record: CXX_FEATURE:0cxx_inheriting_constructors
    Feature record: CXX_FEATURE:0cxx_inline_namespaces
    Feature record: CXX_FEATURE:0cxx_lambdas
    Feature record: CXX_FEATURE:0cxx_lambda_init_captures
    Feature record: CXX_FEATURE:0cxx_local_type_template_args
    Feature record: CXX_FEATURE:0cxx_long_long_type
    Feature record: CXX_FEATURE:0cxx_noexcept
    Feature record: CXX_FEATURE:0cxx_nonstatic_member_init
    Feature record: CXX_FEATURE:0cxx_nullptr
    Feature record: CXX_FEATURE:0cxx_override
    Feature record: CXX_FEATURE:0cxx_range_for
    Feature record: CXX_FEATURE:0cxx_raw_string_literals
    Feature record: CXX_FEATURE:0cxx_reference_qualified_functions
    Feature record: CXX_FEATURE:0cxx_relaxed_constexpr
    Feature record: CXX_FEATURE:0cxx_return_type_deduction
    Feature record: CXX_FEATURE:0cxx_right_angle_brackets
    Feature record: CXX_FEATURE:0cxx_rvalue_references
    Feature record: CXX_FEATURE:0cxx_sizeof_member
    Feature record: CXX_FEATURE:0cxx_static_assert
    Feature record: CXX_FEATURE:0cxx_strong_enums
    Feature record: CXX_FEATURE:1cxx_template_template_parameters
    Feature record: CXX_FEATURE:0cxx_thread_local
    Feature record: CXX_FEATURE:0cxx_trailing_return_types
    Feature record: CXX_FEATURE:0cxx_unicode_literals
    Feature record: CXX_FEATURE:0cxx_uniform_initialization
    Feature record: CXX_FEATURE:0cxx_unrestricted_unions
    Feature record: CXX_FEATURE:0cxx_user_literals
    Feature record: CXX_FEATURE:0cxx_variable_templates
    Feature record: CXX_FEATURE:0cxx_variadic_macros
    Feature record: CXX_FEATURE:0cxx_variadic_templates
